  glad.c
  main.cpp
  OpenGLManager.cpp
C:\Users\maris\OneDrive\Documents\GitHub\OpenGL_Bloom_Implementation\OpenGL_Advanced_Implementation\OpenGLManager.cpp(388,53): warning C4244: 'argument': conversion from 'T' to 'const unsigned __int64', possible loss of data
          with
          [
              T=float
          ]
C:\Users\maris\OneDrive\Documents\GitHub\OpenGL_Bloom_Implementation\OpenGL_Advanced_Implementation\OpenGLManager.cpp(388,83): warning C4244: 'argument': conversion from 'T' to 'const unsigned __int64', possible loss of data
          with
          [
              T=float
          ]
C:\Users\maris\OneDrive\Documents\GitHub\OpenGL_Bloom_Implementation\OpenGL_Advanced_Implementation\OpenGLManager.cpp(389,53): warning C4244: 'argument': conversion from 'T' to 'const unsigned __int64', possible loss of data
          with
          [
              T=float
          ]
C:\Users\maris\OneDrive\Documents\GitHub\OpenGL_Bloom_Implementation\OpenGL_Advanced_Implementation\OpenGLManager.cpp(389,83): warning C4244: 'argument': conversion from 'T' to 'const unsigned __int64', possible loss of data
          with
          [
              T=float
          ]
C:\Users\maris\OneDrive\Documents\GitHub\OpenGL_Bloom_Implementation\OpenGL_Advanced_Implementation\OpenGLManager.cpp(392,52): warning C4244: 'argument': conversion from 'T' to 'const unsigned __int64', possible loss of data
          with
          [
              T=float
          ]
C:\Users\maris\OneDrive\Documents\GitHub\OpenGL_Bloom_Implementation\OpenGL_Advanced_Implementation\OpenGLManager.cpp(393,52): warning C4244: 'argument': conversion from 'T' to 'const unsigned __int64', possible loss of data
          with
          [
              T=float
          ]
C:\Users\maris\OneDrive\Documents\GitHub\OpenGL_Bloom_Implementation\OpenGL_Advanced_Implementation\OpenGLManager.cpp(394,52): warning C4244: 'argument': conversion from 'T' to 'const unsigned __int64', possible loss of data
          with
          [
              T=float
          ]
C:\Users\maris\OneDrive\Documents\GitHub\OpenGL_Bloom_Implementation\OpenGL_Advanced_Implementation\OpenGLManager.cpp(403,52): warning C4244: 'argument': conversion from 'T' to 'const unsigned __int64', possible loss of data
          with
          [
              T=float
          ]
C:\Users\maris\OneDrive\Documents\GitHub\OpenGL_Bloom_Implementation\OpenGL_Advanced_Implementation\OpenGLManager.cpp(404,52): warning C4244: 'argument': conversion from 'T' to 'const unsigned __int64', possible loss of data
          with
          [
              T=float
          ]
C:\Users\maris\OneDrive\Documents\GitHub\OpenGL_Bloom_Implementation\OpenGL_Advanced_Implementation\OpenGLManager.cpp(405,52): warning C4244: 'argument': conversion from 'T' to 'const unsigned __int64', possible loss of data
          with
          [
              T=float
          ]
C:\Users\maris\OneDrive\Documents\GitHub\OpenGL_Bloom_Implementation\OpenGL_Advanced_Implementation\OpenGLManager.cpp(414,52): warning C4244: 'argument': conversion from 'T' to 'const unsigned __int64', possible loss of data
          with
          [
              T=float
          ]
C:\Users\maris\OneDrive\Documents\GitHub\OpenGL_Bloom_Implementation\OpenGL_Advanced_Implementation\OpenGLManager.cpp(415,52): warning C4244: 'argument': conversion from 'T' to 'const unsigned __int64', possible loss of data
          with
          [
              T=float
          ]
C:\Users\maris\OneDrive\Documents\GitHub\OpenGL_Bloom_Implementation\OpenGL_Advanced_Implementation\OpenGLManager.cpp(416,52): warning C4244: 'argument': conversion from 'T' to 'const unsigned __int64', possible loss of data
          with
          [
              T=float
          ]
  Generating Code...
  OpenGL_Advanced_Implementation.vcxproj -> C:\Users\maris\OneDrive\Documents\GitHub\OpenGL_Bloom_Implementation\x64\Debug\OpenGL_Advanced_Implementation.exe
