C:\Program Files (x86)\Microsoft Visual Studio\2019\Community\MSBuild\Microsoft\VC\v160\Microsoft.CppBuild.targets(513,5): warning MSB8028: The intermediate directory (Debug\) contains files shared from another project (Assignment1.vcxproj).  This can lead to incorrect clean and rebuild behavior.
  glad.c
  main.cpp
  OpenGLManager.cpp
C:\Users\maris\source\repos\OpenGL_Advanced_Implementation\OpenGL_Advanced_Implementation\OpenGLManager.cpp(4,1): warning C4005: 'GLEW_STATIC': macro redefinition
C:\Users\maris\source\repos\OpenGL_Advanced_Implementation\OpenGL_Advanced_Implementation\OpenGLManager.cpp : message : see previous definition of 'GLEW_STATIC'
C:\Users\maris\source\repos\OpenGL_Advanced_Implementation\OpenGL_Advanced_Implementation\OpenGLManager.cpp(389,53): warning C4244: 'argument': conversion from 'T' to 'const unsigned int', possible loss of data
          with
          [
              T=float
          ]
C:\Users\maris\source\repos\OpenGL_Advanced_Implementation\OpenGL_Advanced_Implementation\OpenGLManager.cpp(389,83): warning C4244: 'argument': conversion from 'T' to 'const unsigned int', possible loss of data
          with
          [
              T=float
          ]
C:\Users\maris\source\repos\OpenGL_Advanced_Implementation\OpenGL_Advanced_Implementation\OpenGLManager.cpp(390,53): warning C4244: 'argument': conversion from 'T' to 'const unsigned int', possible loss of data
          with
          [
              T=float
          ]
C:\Users\maris\source\repos\OpenGL_Advanced_Implementation\OpenGL_Advanced_Implementation\OpenGLManager.cpp(390,83): warning C4244: 'argument': conversion from 'T' to 'const unsigned int', possible loss of data
          with
          [
              T=float
          ]
C:\Users\maris\source\repos\OpenGL_Advanced_Implementation\OpenGL_Advanced_Implementation\OpenGLManager.cpp(393,52): warning C4244: 'argument': conversion from 'T' to 'const unsigned int', possible loss of data
          with
          [
              T=float
          ]
C:\Users\maris\source\repos\OpenGL_Advanced_Implementation\OpenGL_Advanced_Implementation\OpenGLManager.cpp(394,52): warning C4244: 'argument': conversion from 'T' to 'const unsigned int', possible loss of data
          with
          [
              T=float
          ]
C:\Users\maris\source\repos\OpenGL_Advanced_Implementation\OpenGL_Advanced_Implementation\OpenGLManager.cpp(395,52): warning C4244: 'argument': conversion from 'T' to 'const unsigned int', possible loss of data
          with
          [
              T=float
          ]
C:\Users\maris\source\repos\OpenGL_Advanced_Implementation\OpenGL_Advanced_Implementation\OpenGLManager.cpp(404,52): warning C4244: 'argument': conversion from 'T' to 'const unsigned int', possible loss of data
          with
          [
              T=float
          ]
C:\Users\maris\source\repos\OpenGL_Advanced_Implementation\OpenGL_Advanced_Implementation\OpenGLManager.cpp(405,52): warning C4244: 'argument': conversion from 'T' to 'const unsigned int', possible loss of data
          with
          [
              T=float
          ]
C:\Users\maris\source\repos\OpenGL_Advanced_Implementation\OpenGL_Advanced_Implementation\OpenGLManager.cpp(406,52): warning C4244: 'argument': conversion from 'T' to 'const unsigned int', possible loss of data
          with
          [
              T=float
          ]
C:\Users\maris\source\repos\OpenGL_Advanced_Implementation\OpenGL_Advanced_Implementation\OpenGLManager.cpp(415,52): warning C4244: 'argument': conversion from 'T' to 'const unsigned int', possible loss of data
          with
          [
              T=float
          ]
C:\Users\maris\source\repos\OpenGL_Advanced_Implementation\OpenGL_Advanced_Implementation\OpenGLManager.cpp(416,52): warning C4244: 'argument': conversion from 'T' to 'const unsigned int', possible loss of data
          with
          [
              T=float
          ]
C:\Users\maris\source\repos\OpenGL_Advanced_Implementation\OpenGL_Advanced_Implementation\OpenGLManager.cpp(417,52): warning C4244: 'argument': conversion from 'T' to 'const unsigned int', possible loss of data
          with
          [
              T=float
          ]
  Generating Code...
  OpenGL_Advanced_Implementation.vcxproj -> C:\Users\maris\source\repos\OpenGL_Advanced_Implementation\Debug\OpenGL_Advanced_Implementation.exe
