C:\Program Files (x86)\Microsoft Visual Studio\2019\Community\MSBuild\Microsoft\VC\v160\Microsoft.CppBuild.targets(513,5): warning MSB8028: The intermediate directory (x64\Debug\) contains files shared from another project (OpenGL_Advanced_Implementation.vcxproj).  This can lead to incorrect clean and rebuild behavior.
  glad.c
  main.cpp
  OpenGLManager.cpp
C:\Users\maris\OneDrive\Documents\GitHub\OpenGL_Bloom_Implementation\OpenGL_Bloom_Implementation\OpenGLManager.cpp(388,53): warning C4244: 'argument': conversion from 'T' to 'const unsigned __int64', possible loss of data
          with
          [
              T=float
          ]
C:\Users\maris\OneDrive\Documents\GitHub\OpenGL_Bloom_Implementation\OpenGL_Bloom_Implementation\OpenGLManager.cpp(388,83): warning C4244: 'argument': conversion from 'T' to 'const unsigned __int64', possible loss of data
          with
          [
              T=float
          ]
C:\Users\maris\OneDrive\Documents\GitHub\OpenGL_Bloom_Implementation\OpenGL_Bloom_Implementation\OpenGLManager.cpp(389,53): warning C4244: 'argument': conversion from 'T' to 'const unsigned __int64', possible loss of data
          with
          [
              T=float
          ]
C:\Users\maris\OneDrive\Documents\GitHub\OpenGL_Bloom_Implementation\OpenGL_Bloom_Implementation\OpenGLManager.cpp(389,83): warning C4244: 'argument': conversion from 'T' to 'const unsigned __int64', possible loss of data
          with
          [
              T=float
          ]
C:\Users\maris\OneDrive\Documents\GitHub\OpenGL_Bloom_Implementation\OpenGL_Bloom_Implementation\OpenGLManager.cpp(392,52): warning C4244: 'argument': conversion from 'T' to 'const unsigned __int64', possible loss of data
          with
          [
              T=float
          ]
C:\Users\maris\OneDrive\Documents\GitHub\OpenGL_Bloom_Implementation\OpenGL_Bloom_Implementation\OpenGLManager.cpp(393,52): warning C4244: 'argument': conversion from 'T' to 'const unsigned __int64', possible loss of data
          with
          [
              T=float
          ]
C:\Users\maris\OneDrive\Documents\GitHub\OpenGL_Bloom_Implementation\OpenGL_Bloom_Implementation\OpenGLManager.cpp(394,52): warning C4244: 'argument': conversion from 'T' to 'const unsigned __int64', possible loss of data
          with
          [
              T=float
          ]
C:\Users\maris\OneDrive\Documents\GitHub\OpenGL_Bloom_Implementation\OpenGL_Bloom_Implementation\OpenGLManager.cpp(403,52): warning C4244: 'argument': conversion from 'T' to 'const unsigned __int64', possible loss of data
          with
          [
              T=float
          ]
C:\Users\maris\OneDrive\Documents\GitHub\OpenGL_Bloom_Implementation\OpenGL_Bloom_Implementation\OpenGLManager.cpp(404,52): warning C4244: 'argument': conversion from 'T' to 'const unsigned __int64', possible loss of data
          with
          [
              T=float
          ]
C:\Users\maris\OneDrive\Documents\GitHub\OpenGL_Bloom_Implementation\OpenGL_Bloom_Implementation\OpenGLManager.cpp(405,52): warning C4244: 'argument': conversion from 'T' to 'const unsigned __int64', possible loss of data
          with
          [
              T=float
          ]
C:\Users\maris\OneDrive\Documents\GitHub\OpenGL_Bloom_Implementation\OpenGL_Bloom_Implementation\OpenGLManager.cpp(414,52): warning C4244: 'argument': conversion from 'T' to 'const unsigned __int64', possible loss of data
          with
          [
              T=float
          ]
C:\Users\maris\OneDrive\Documents\GitHub\OpenGL_Bloom_Implementation\OpenGL_Bloom_Implementation\OpenGLManager.cpp(415,52): warning C4244: 'argument': conversion from 'T' to 'const unsigned __int64', possible loss of data
          with
          [
              T=float
          ]
C:\Users\maris\OneDrive\Documents\GitHub\OpenGL_Bloom_Implementation\OpenGL_Bloom_Implementation\OpenGLManager.cpp(416,52): warning C4244: 'argument': conversion from 'T' to 'const unsigned __int64', possible loss of data
          with
          [
              T=float
          ]
  Generating Code...
  OpenGL_Advanced_Implementation.vcxproj -> C:\Users\maris\OneDrive\Documents\GitHub\OpenGL_Bloom_Implementation\x64\Debug\OpenGL_Bloom_Implementation.exe
